<?xml version="1.0" encoding="UTF-8"?>
<testng-results skipped="0" failed="0" ignored="0" total="1" passed="1">
  <reporter-output>
  </reporter-output>
  <suite name="Default suite" duration-ms="16027" started-at="2019-01-23T08:31:44Z" finished-at="2019-01-23T08:32:00Z">
    <groups>
    </groups>
    <test name="Default test" duration-ms="16027" started-at="2019-01-23T08:31:44Z" finished-at="2019-01-23T08:32:00Z">
      <class name="com.qa.tests.HomePageTest">
        <test-method status="PASS" signature="setUp()[pri:0, instance:com.qa.tests.HomePageTest@3e6fa38a]" name="setUp" is-config="true" duration-ms="8414" started-at="2019-01-23T08:31:44Z" finished-at="2019-01-23T08:31:53Z">
          <reporter-output>
          </reporter-output>
        </test-method> <!-- setUp -->
        <test-method status="PASS" signature="doLogin()[pri:0, instance:com.qa.tests.HomePageTest@3e6fa38a]" name="doLogin" duration-ms="7592" started-at="2019-01-23T08:31:53Z" finished-at="2019-01-23T08:32:00Z">
          <reporter-output>
          </reporter-output>
        </test-method> <!-- doLogin -->
        <test-method status="PASS" signature="tearDown()[pri:0, instance:com.qa.tests.HomePageTest@3e6fa38a]" name="tearDown" is-config="true" duration-ms="0" started-at="2019-01-23T08:32:00Z" finished-at="2019-01-23T08:32:00Z">
          <reporter-output>
          </reporter-output>
        </test-method> <!-- tearDown -->
      </class> <!-- com.qa.tests.HomePageTest -->
    </test> <!-- Default test -->
  </suite> <!-- Default suite -->
</testng-results>
